2017-10-03 00:18:48 poster_link: http://img2.t6k.co/thumb/1_7871.jpg
video_link: failed to extracted
author: chinahome
description: Taiwan Oral true self-timer
produce_time: 2009-03-29
run_time:  04:37
views:  538842 &nbsp; 


poster_link: http://img2.t6k.co/thumb/1_7829.jpg
video_link: failed to extracted
author: 就愛自拍
description: Are you still on? Are you on it! 2
produce_time: 2009-03-25
run_time:  01:16
views:  208216 &nbsp; 


poster_link: http://img2.t6k.co/thumb/1_7528.jpg
video_link: failed to extracted
author: aoyzxy
description: Senior female self-timer (big chest)
produce_time: 2009-02-20
run_time:  00:59
views:  781417 &nbsp; 


poster_link: http://img2.t6k.co/thumb/1_7477.jpg
video_link: failed to extracted
author: coolwife
description: Beautiful girlfriend oral sex for me
produce_time: 2009-02-11
run_time:  04:55
views:  436597 &nbsp; 


poster_link: http://img2.t6k.co/thumb/1_7213.jpg
video_link: failed to extracted
author: bian
description: Simmons thrusts
produce_time: 2009-01-15
run_time:  05:46
views:  357800 &nbsp; 


poster_link: http://img2.t6k.co/thumb/1_6400.jpg
video_link: failed to extracted
author: bian
description: Guess who to call?
produce_time: 2009-01-05
run_time:  03:32
views:  432344 &nbsp; 


poster_link: http://img2.t6k.co/thumb/1_6394.jpg
video_link: failed to extracted
author: chinahome
description: chinese girl shows her pussy
produce_time: 2009-01-02
run_time:  06:37
views:  9571848 &nbsp; 


poster_link: http://img2.t6k.co/thumb/1_6376.jpg
video_link: failed to extracted
author: fuckgirl
description: Dry virgin girlfriend first blood as evidence
produce_time: 2008-12-26
run_time:  01:54
views:  2265692 &nbsp; 


poster_link: http://img2.t6k.co/thumb/1_6221.jpg
video_link: failed to extracted
author: mateur
description: My girlfriend blowjob
produce_time: 2008-12-08
run_time:  02:37
views:  438203 &nbsp; 


poster_link: http://img2.t6k.co/thumb/1_6173.jpg
video_link: failed to extracted
author: Taizhong
description: Girlfriend school TV Actress oral sex
produce_time: 2008-12-02
run_time:  02:29
views:  398354 &nbsp; 


poster_link: http://img2.t6k.co/thumb/1_6152.jpg
video_link: failed to extracted
author: Taizhong
description: Rare in Taiwan through the back door self-timer
produce_time: 2008-11-28
run_time:  00:58
views:  205017 &nbsp; 


poster_link: http://img2.t6k.co/thumb/1_6145.jpg
video_link: failed to extracted
author: changJiang
description: Latest local milk girl sex video! Body ultra-positive
produce_time: 2008-11-27
run_time:  03:44
views:  459311 &nbsp; 



2017-10-03 00:49:53 poster_link: http://img2.t6k.co/thumb/1_7871.jpg
video_link: failed to extracted
author: chinahome
description: Taiwan Oral true self-timer
produce_time: 2009-03-29
run_time:  04:37
views:  538842 &nbsp; 


poster_link: http://img2.t6k.co/thumb/1_7829.jpg
video_link: failed to extracted
author: 就愛自拍
description: Are you still on? Are you on it! 2
produce_time: 2009-03-25
run_time:  01:16
views:  208216 &nbsp; 


poster_link: http://img2.t6k.co/thumb/1_7528.jpg
video_link: failed to extracted
author: aoyzxy
description: Senior female self-timer (big chest)
produce_time: 2009-02-20
run_time:  00:59
views:  781417 &nbsp; 


poster_link: http://img2.t6k.co/thumb/1_7477.jpg
video_link: failed to extracted
author: coolwife
description: Beautiful girlfriend oral sex for me
produce_time: 2009-02-11
run_time:  04:55
views:  436597 &nbsp; 


poster_link: http://img2.t6k.co/thumb/1_7213.jpg
video_link: failed to extracted
author: bian
description: Simmons thrusts
produce_time: 2009-01-15
run_time:  05:46
views:  357800 &nbsp; 


poster_link: http://img2.t6k.co/thumb/1_6400.jpg
video_link: failed to extracted
author: bian
description: Guess who to call?
produce_time: 2009-01-05
run_time:  03:32
views:  432344 &nbsp; 


poster_link: http://img2.t6k.co/thumb/1_6394.jpg
video_link: failed to extracted
author: chinahome
description: chinese girl shows her pussy
produce_time: 2009-01-02
run_time:  06:37
views:  9571848 &nbsp; 


poster_link: http://img2.t6k.co/thumb/1_6376.jpg
video_link: failed to extracted
author: fuckgirl
description: Dry virgin girlfriend first blood as evidence
produce_time: 2008-12-26
run_time:  01:54
views:  2265692 &nbsp; 


poster_link: http://img2.t6k.co/thumb/1_6221.jpg
video_link: failed to extracted
author: mateur
description: My girlfriend blowjob
produce_time: 2008-12-08
run_time:  02:37
views:  438203 &nbsp; 


poster_link: http://img2.t6k.co/thumb/1_6173.jpg
video_link: failed to extracted
author: Taizhong
description: Girlfriend school TV Actress oral sex
produce_time: 2008-12-02
run_time:  02:29
views:  398354 &nbsp; 


poster_link: http://img2.t6k.co/thumb/1_6152.jpg
video_link: failed to extracted
author: Taizhong
description: Rare in Taiwan through the back door self-timer
produce_time: 2008-11-28
run_time:  00:58
views:  205017 &nbsp; 


poster_link: http://img2.t6k.co/thumb/1_6145.jpg
video_link: failed to extracted
author: changJiang
description: Latest local milk girl sex video! Body ultra-positive
produce_time: 2008-11-27
run_time:  03:44
views:  459311 &nbsp; 


poster_link: http://img2.t6k.co/thumb/1_6106.jpg
video_link: failed to extracted
author: hwei55
description: Front of his girlfriend sex video self-timer (100% real self-timer)
produce_time: 2008-11-22
run_time:  01:15
views:  371483 &nbsp; 



